<?xml version="1.0" encoding="UTF-8"?>
<testng-results ignored="0" total="2" passed="1" failed="0" skipped="1">
  <reporter-output>
  </reporter-output>
  <suite started-at="2023-11-22T18:21:19 IST" name="Suite" finished-at="2023-11-22T18:23:33 IST" duration-ms="134149">
    <groups>
    </groups>
    <test started-at="2023-11-22T18:21:19 IST" name="chrometest" finished-at="2023-11-22T18:23:33 IST" duration-ms="134149">
      <class name="testCases.TC_002_SFS_All_Mobile">
        <test-method is-config="true" signature="onStart(org.testng.ITestContext)[pri:0, instance:testCases.TC_002_SFS_All_Mobile@67c2e933]" started-at="2023-11-22T18:21:19 IST" name="onStart" finished-at="2023-11-22T18:21:19 IST" duration-ms="406" status="PASS">
          <params>
            <param index="0">
              <value>
                <![CDATA[org.testng.TestRunner@100eeedc]]>
              </value>
            </param>
          </params>
          <reporter-output>
          </reporter-output>
        </test-method> <!-- onStart -->
        <test-method is-config="true" signature="testName()[pri:0, instance:testCases.TC_002_SFS_All_Mobile@67c2e933]" started-at="2023-11-22T18:21:19 IST" name="testName" finished-at="2023-11-22T18:21:19 IST" duration-ms="11" status="PASS">
          <reporter-output>
          </reporter-output>
        </test-method> <!-- testName -->
        <test-method is-config="true" signature="configureAppium()[pri:0, instance:testCases.TC_002_SFS_All_Mobile@67c2e933]" started-at="2023-11-22T18:21:19 IST" name="configureAppium" finished-at="2023-11-22T18:21:21 IST" duration-ms="2001" status="FAIL">
          <exception class="org.openqa.selenium.SessionNotCreatedException">
            <message>
              <![CDATA[Could not start a new session. Response code 500. Message: An unknown server-side error occurred while processing the command. Original error: Unable to find an active device or emulator with OS 13.0. The following are available: emulator-5554 (11) 
Host info: host: 'DESKTOP-H290O4K', ip: '192.168.31.145'
Build info: version: '4.15.0', revision: '1d14b5521b'
System info: os.name: 'Windows 10', os.arch: 'amd64', os.version: '10.0', java.version: '14'
Driver info: io.appium.java_client.android.AndroidDriver
Command: [null, newSession {capabilities=[{appium:noReset=true, appium:autoGrantPermissions=true, browserName=Chrome, appium:deviceName=R9ZR908HTNR, platformName=ANDROID, appium:automationName=UIAutomator2, appium:platformVersion=13.0}], desiredCapabilities=Capabilities {appium:autoGrantPermissions: true, appium:automationName: UIAutomator2, appium:deviceName: R9ZR908HTNR, appium:noReset: true, appium:platformVersion: 13.0, browserName: Chrome, platformName: ANDROID}}]
Capabilities {appium:autoGrantPermissions: true, appium:automationName: UIAutomator2, appium:deviceName: R9ZR908HTNR, appium:noReset: true, appium:platformVersion: 13.0, browserName: Chrome, platformName: ANDROID}]]>
            </message>
            <full-stacktrace>
              <![CDATA[org.openqa.selenium.SessionNotCreatedException: Could not start a new session. Response code 500. Message: An unknown server-side error occurred while processing the command. Original error: Unable to find an active device or emulator with OS 13.0. The following are available: emulator-5554 (11) 
Host info: host: 'DESKTOP-H290O4K', ip: '192.168.31.145'
Build info: version: '4.15.0', revision: '1d14b5521b'
System info: os.name: 'Windows 10', os.arch: 'amd64', os.version: '10.0', java.version: '14'
Driver info: io.appium.java_client.android.AndroidDriver
Command: [null, newSession {capabilities=[{appium:noReset=true, appium:autoGrantPermissions=true, browserName=Chrome, appium:deviceName=R9ZR908HTNR, platformName=ANDROID, appium:automationName=UIAutomator2, appium:platformVersion=13.0}], desiredCapabilities=Capabilities {appium:autoGrantPermissions: true, appium:automationName: UIAutomator2, appium:deviceName: R9ZR908HTNR, appium:noReset: true, appium:platformVersion: 13.0, browserName: Chrome, platformName: ANDROID}}]
Capabilities {appium:autoGrantPermissions: true, appium:automationName: UIAutomator2, appium:deviceName: R9ZR908HTNR, appium:noReset: true, appium:platformVersion: 13.0, browserName: Chrome, platformName: ANDROID}
at org.openqa.selenium.remote.ProtocolHandshake.createSession(ProtocolHandshake.java:140)
at java.base/jdk.internal.reflect.NativeMethodAccessorImpl.invoke0(Native Method)
at java.base/jdk.internal.reflect.NativeMethodAccessorImpl.invoke(NativeMethodAccessorImpl.java:62)
at java.base/jdk.internal.reflect.DelegatingMethodAccessorImpl.invoke(DelegatingMethodAccessorImpl.java:43)
at java.base/java.lang.reflect.Method.invoke(Method.java:564)
at io.appium.java_client.remote.AppiumProtocolHandshake.createSession(AppiumProtocolHandshake.java:133)
at io.appium.java_client.remote.AppiumProtocolHandshake.createSession(AppiumProtocolHandshake.java:102)
at io.appium.java_client.remote.AppiumCommandExecutor.createSession(AppiumCommandExecutor.java:177)
at io.appium.java_client.remote.AppiumCommandExecutor.execute(AppiumCommandExecutor.java:238)
at org.openqa.selenium.remote.RemoteWebDriver.execute(RemoteWebDriver.java:607)
at io.appium.java_client.AppiumDriver.startSession(AppiumDriver.java:268)
at org.openqa.selenium.remote.RemoteWebDriver.<init>(RemoteWebDriver.java:168)
at io.appium.java_client.AppiumDriver.<init>(AppiumDriver.java:90)
at io.appium.java_client.AppiumDriver.<init>(AppiumDriver.java:102)
at io.appium.java_client.android.AndroidDriver.<init>(AndroidDriver.java:109)
at testBase.Android.BaseTest.configureAppium(BaseTest.java:100)
at java.base/jdk.internal.reflect.NativeMethodAccessorImpl.invoke0(Native Method)
at java.base/jdk.internal.reflect.NativeMethodAccessorImpl.invoke(NativeMethodAccessorImpl.java:62)
at java.base/jdk.internal.reflect.DelegatingMethodAccessorImpl.invoke(DelegatingMethodAccessorImpl.java:43)
at java.base/java.lang.reflect.Method.invoke(Method.java:564)
at org.testng.internal.invokers.MethodInvocationHelper.invokeMethod(MethodInvocationHelper.java:139)
at org.testng.internal.invokers.MethodInvocationHelper.invokeMethodConsideringTimeout(MethodInvocationHelper.java:69)
at org.testng.internal.invokers.ConfigInvoker.invokeConfigurationMethod(ConfigInvoker.java:390)
at org.testng.internal.invokers.ConfigInvoker.invokeConfigurations(ConfigInvoker.java:325)
at org.testng.internal.invokers.TestMethodWorker.invokeBeforeClassMethods(TestMethodWorker.java:180)
at org.testng.internal.invokers.TestMethodWorker.run(TestMethodWorker.java:122)
at java.base/java.util.ArrayList.forEach(ArrayList.java:1510)
at org.testng.TestRunner.privateRun(TestRunner.java:848)
at org.testng.TestRunner.run(TestRunner.java:621)
at org.testng.SuiteRunner.runTest(SuiteRunner.java:443)
at org.testng.SuiteRunner.runSequentially(SuiteRunner.java:437)
at org.testng.SuiteRunner.privateRun(SuiteRunner.java:397)
at org.testng.SuiteRunner.run(SuiteRunner.java:336)
at org.testng.SuiteRunnerWorker.runSuite(SuiteRunnerWorker.java:52)
at org.testng.SuiteRunnerWorker.run(SuiteRunnerWorker.java:95)
at org.testng.TestNG.runSuitesSequentially(TestNG.java:1280)
at org.testng.TestNG.runSuitesLocally(TestNG.java:1200)
at org.testng.TestNG.runSuites(TestNG.java:1114)
at org.testng.TestNG.run(TestNG.java:1082)
at org.apache.maven.surefire.testng.TestNGExecutor.run(TestNGExecutor.java:308)
at org.apache.maven.surefire.testng.TestNGXmlTestSuite.execute(TestNGXmlTestSuite.java:71)
at org.apache.maven.surefire.testng.TestNGProvider.invoke(TestNGProvider.java:113)
at org.apache.maven.surefire.booter.ForkedBooter.runSuitesInProcess(ForkedBooter.java:385)
at org.apache.maven.surefire.booter.ForkedBooter.execute(ForkedBooter.java:162)
at org.apache.maven.surefire.booter.ForkedBooter.run(ForkedBooter.java:507)
at org.apache.maven.surefire.booter.ForkedBooter.main(ForkedBooter.java:495)
]]>
            </full-stacktrace>
          </exception> <!-- org.openqa.selenium.SessionNotCreatedException -->
          <reporter-output>
          </reporter-output>
        </test-method> <!-- configureAppium -->
        <test-method signature="testSectionContrls()[pri:0, instance:testCases.TC_002_SFS_All_Mobile@67c2e933]" started-at="2023-11-22T18:21:21 IST" name="testSectionContrls" finished-at="2023-11-22T18:21:21 IST" duration-ms="1" status="SKIP">
          <exception class="org.openqa.selenium.SessionNotCreatedException">
            <message>
              <![CDATA[Could not start a new session. Response code 500. Message: An unknown server-side error occurred while processing the command. Original error: Unable to find an active device or emulator with OS 13.0. The following are available: emulator-5554 (11) 
Host info: host: 'DESKTOP-H290O4K', ip: '192.168.31.145'
Build info: version: '4.15.0', revision: '1d14b5521b'
System info: os.name: 'Windows 10', os.arch: 'amd64', os.version: '10.0', java.version: '14'
Driver info: io.appium.java_client.android.AndroidDriver
Command: [null, newSession {capabilities=[{appium:noReset=true, appium:autoGrantPermissions=true, browserName=Chrome, appium:deviceName=R9ZR908HTNR, platformName=ANDROID, appium:automationName=UIAutomator2, appium:platformVersion=13.0}], desiredCapabilities=Capabilities {appium:autoGrantPermissions: true, appium:automationName: UIAutomator2, appium:deviceName: R9ZR908HTNR, appium:noReset: true, appium:platformVersion: 13.0, browserName: Chrome, platformName: ANDROID}}]
Capabilities {appium:autoGrantPermissions: true, appium:automationName: UIAutomator2, appium:deviceName: R9ZR908HTNR, appium:noReset: true, appium:platformVersion: 13.0, browserName: Chrome, platformName: ANDROID}]]>
            </message>
            <full-stacktrace>
              <![CDATA[org.openqa.selenium.SessionNotCreatedException: Could not start a new session. Response code 500. Message: An unknown server-side error occurred while processing the command. Original error: Unable to find an active device or emulator with OS 13.0. The following are available: emulator-5554 (11) 
Host info: host: 'DESKTOP-H290O4K', ip: '192.168.31.145'
Build info: version: '4.15.0', revision: '1d14b5521b'
System info: os.name: 'Windows 10', os.arch: 'amd64', os.version: '10.0', java.version: '14'
Driver info: io.appium.java_client.android.AndroidDriver
Command: [null, newSession {capabilities=[{appium:noReset=true, appium:autoGrantPermissions=true, browserName=Chrome, appium:deviceName=R9ZR908HTNR, platformName=ANDROID, appium:automationName=UIAutomator2, appium:platformVersion=13.0}], desiredCapabilities=Capabilities {appium:autoGrantPermissions: true, appium:automationName: UIAutomator2, appium:deviceName: R9ZR908HTNR, appium:noReset: true, appium:platformVersion: 13.0, browserName: Chrome, platformName: ANDROID}}]
Capabilities {appium:autoGrantPermissions: true, appium:automationName: UIAutomator2, appium:deviceName: R9ZR908HTNR, appium:noReset: true, appium:platformVersion: 13.0, browserName: Chrome, platformName: ANDROID}
at org.openqa.selenium.remote.ProtocolHandshake.createSession(ProtocolHandshake.java:140)
at java.base/jdk.internal.reflect.NativeMethodAccessorImpl.invoke0(Native Method)
at java.base/jdk.internal.reflect.NativeMethodAccessorImpl.invoke(NativeMethodAccessorImpl.java:62)
at java.base/jdk.internal.reflect.DelegatingMethodAccessorImpl.invoke(DelegatingMethodAccessorImpl.java:43)
at java.base/java.lang.reflect.Method.invoke(Method.java:564)
at io.appium.java_client.remote.AppiumProtocolHandshake.createSession(AppiumProtocolHandshake.java:133)
at io.appium.java_client.remote.AppiumProtocolHandshake.createSession(AppiumProtocolHandshake.java:102)
at io.appium.java_client.remote.AppiumCommandExecutor.createSession(AppiumCommandExecutor.java:177)
at io.appium.java_client.remote.AppiumCommandExecutor.execute(AppiumCommandExecutor.java:238)
at org.openqa.selenium.remote.RemoteWebDriver.execute(RemoteWebDriver.java:607)
at io.appium.java_client.AppiumDriver.startSession(AppiumDriver.java:268)
at org.openqa.selenium.remote.RemoteWebDriver.<init>(RemoteWebDriver.java:168)
at io.appium.java_client.AppiumDriver.<init>(AppiumDriver.java:90)
at io.appium.java_client.AppiumDriver.<init>(AppiumDriver.java:102)
at io.appium.java_client.android.AndroidDriver.<init>(AndroidDriver.java:109)
at testBase.Android.BaseTest.configureAppium(BaseTest.java:100)
at java.base/jdk.internal.reflect.NativeMethodAccessorImpl.invoke0(Native Method)
at java.base/jdk.internal.reflect.NativeMethodAccessorImpl.invoke(NativeMethodAccessorImpl.java:62)
at java.base/jdk.internal.reflect.DelegatingMethodAccessorImpl.invoke(DelegatingMethodAccessorImpl.java:43)
at java.base/java.lang.reflect.Method.invoke(Method.java:564)
at org.testng.internal.invokers.MethodInvocationHelper.invokeMethod(MethodInvocationHelper.java:139)
at org.testng.internal.invokers.MethodInvocationHelper.invokeMethodConsideringTimeout(MethodInvocationHelper.java:69)
at org.testng.internal.invokers.ConfigInvoker.invokeConfigurationMethod(ConfigInvoker.java:390)
at org.testng.internal.invokers.ConfigInvoker.invokeConfigurations(ConfigInvoker.java:325)
at org.testng.internal.invokers.TestMethodWorker.invokeBeforeClassMethods(TestMethodWorker.java:180)
at org.testng.internal.invokers.TestMethodWorker.run(TestMethodWorker.java:122)
at java.base/java.util.ArrayList.forEach(ArrayList.java:1510)
at org.testng.TestRunner.privateRun(TestRunner.java:848)
at org.testng.TestRunner.run(TestRunner.java:621)
at org.testng.SuiteRunner.runTest(SuiteRunner.java:443)
at org.testng.SuiteRunner.runSequentially(SuiteRunner.java:437)
at org.testng.SuiteRunner.privateRun(SuiteRunner.java:397)
at org.testng.SuiteRunner.run(SuiteRunner.java:336)
at org.testng.SuiteRunnerWorker.runSuite(SuiteRunnerWorker.java:52)
at org.testng.SuiteRunnerWorker.run(SuiteRunnerWorker.java:95)
at org.testng.TestNG.runSuitesSequentially(TestNG.java:1280)
at org.testng.TestNG.runSuitesLocally(TestNG.java:1200)
at org.testng.TestNG.runSuites(TestNG.java:1114)
at org.testng.TestNG.run(TestNG.java:1082)
at org.apache.maven.surefire.testng.TestNGExecutor.run(TestNGExecutor.java:308)
at org.apache.maven.surefire.testng.TestNGXmlTestSuite.execute(TestNGXmlTestSuite.java:71)
at org.apache.maven.surefire.testng.TestNGProvider.invoke(TestNGProvider.java:113)
at org.apache.maven.surefire.booter.ForkedBooter.runSuitesInProcess(ForkedBooter.java:385)
at org.apache.maven.surefire.booter.ForkedBooter.execute(ForkedBooter.java:162)
at org.apache.maven.surefire.booter.ForkedBooter.run(ForkedBooter.java:507)
at org.apache.maven.surefire.booter.ForkedBooter.main(ForkedBooter.java:495)
]]>
            </full-stacktrace>
          </exception> <!-- org.openqa.selenium.SessionNotCreatedException -->
          <reporter-output>
          </reporter-output>
        </test-method> <!-- testSectionContrls -->
        <test-method is-config="true" signature="flush()[pri:0, instance:testCases.TC_002_SFS_All_Mobile@67c2e933]" started-at="2023-11-22T18:23:33 IST" name="flush" finished-at="2023-11-22T18:23:34 IST" duration-ms="556" status="PASS">
          <reporter-output>
          </reporter-output>
        </test-method> <!-- flush -->
      </class> <!-- testCases.TC_002_SFS_All_Mobile -->
      <class name="testCases.TC_002_SFS_All_MobileResponse">
        <test-method is-config="true" signature="testName()[pri:0, instance:testCases.TC_002_SFS_All_MobileResponse@2e8e8225]" started-at="2023-11-22T18:21:19 IST" name="testName" finished-at="2023-11-22T18:21:19 IST" duration-ms="1" status="PASS">
          <reporter-output>
          </reporter-output>
        </test-method> <!-- testName -->
        <test-method is-config="true" signature="setup(java.lang.String)[pri:0, instance:testCases.TC_002_SFS_All_MobileResponse@2e8e8225]" started-at="2023-11-22T18:21:21 IST" name="setup" finished-at="2023-11-22T18:21:24 IST" duration-ms="3244" status="PASS">
          <params>
            <param index="0">
              <value>
                <![CDATA[chrome]]>
              </value>
            </param>
          </params>
          <reporter-output>
          </reporter-output>
        </test-method> <!-- setup -->
        <test-method signature="testMobileSectionContrls()[pri:0, instance:testCases.TC_002_SFS_All_MobileResponse@2e8e8225]" started-at="2023-11-22T18:21:24 IST" name="testMobileSectionContrls" finished-at="2023-11-22T18:23:33 IST" duration-ms="128826" status="PASS">
          <reporter-output>
          </reporter-output>
        </test-method> <!-- testMobileSectionContrls -->
      </class> <!-- testCases.TC_002_SFS_All_MobileResponse -->
    </test> <!-- chrometest -->
  </suite> <!-- Suite -->
</testng-results>
