<?xml version="1.0" encoding="UTF-8"?>
<testsuite xmlns:xsi="http://www.w3.org/2001/XMLSchema-instance" xsi:noNamespaceSchemaLocation="https://maven.apache.org/surefire/maven-surefire-plugin/xsd/surefire-test-report-3.0.xsd" version="3.0" name="TestSuite" time="136.932" tests="3" errors="0" skipped="1" failures="1">
  <properties>
    <property name="surefire.suiteXmlFiles" value="MBandWeb.xml"/>
    <property name="java.specification.version" value="14"/>
    <property name="sun.cpu.isalist" value="amd64"/>
    <property name="sun.jnu.encoding" value="Cp1252"/>
    <property name="java.class.path" value="D:\Automation\SF_MB\target\test-classes;D:\Automation\SF_MB\target\classes;C:\Users\sudha\.m2\repository\io\appium\java-client\9.0.0\java-client-9.0.0.jar;C:\Users\sudha\.m2\repository\org\seleniumhq\selenium\selenium-api\4.15.0\selenium-api-4.15.0.jar;C:\Users\sudha\.m2\repository\org\seleniumhq\selenium\selenium-remote-driver\4.15.0\selenium-remote-driver-4.15.0.jar;C:\Users\sudha\.m2\repository\io\opentelemetry\opentelemetry-api\1.28.0\opentelemetry-api-1.28.0.jar;C:\Users\sudha\.m2\repository\io\opentelemetry\opentelemetry-context\1.28.0\opentelemetry-context-1.28.0.jar;C:\Users\sudha\.m2\repository\io\opentelemetry\opentelemetry-exporter-logging\1.28.0\opentelemetry-exporter-logging-1.28.0.jar;C:\Users\sudha\.m2\repository\io\opentelemetry\opentelemetry-sdk-metrics\1.28.0\opentelemetry-sdk-metrics-1.28.0.jar;C:\Users\sudha\.m2\repository\io\opentelemetry\opentelemetry-extension-incubator\1.28.0-alpha\opentelemetry-extension-incubator-1.28.0-alpha.jar;C:\Users\sudha\.m2\repository\io\opentelemetry\opentelemetry-sdk-logs\1.28.0\opentelemetry-sdk-logs-1.28.0.jar;C:\Users\sudha\.m2\repository\io\opentelemetry\opentelemetry-sdk-common\1.28.0\opentelemetry-sdk-common-1.28.0.jar;C:\Users\sudha\.m2\repository\io\opentelemetry\opentelemetry-sdk-extension-autoconfigure-spi\1.28.0\opentelemetry-sdk-extension-autoconfigure-spi-1.28.0.jar;C:\Users\sudha\.m2\repository\io\opentelemetry\opentelemetry-sdk-extension-autoconfigure\1.28.0\opentelemetry-sdk-extension-autoconfigure-1.28.0.jar;C:\Users\sudha\.m2\repository\io\opentelemetry\opentelemetry-api-events\1.28.0-alpha\opentelemetry-api-events-1.28.0-alpha.jar;C:\Users\sudha\.m2\repository\io\opentelemetry\opentelemetry-sdk-trace\1.28.0\opentelemetry-sdk-trace-1.28.0.jar;C:\Users\sudha\.m2\repository\io\opentelemetry\opentelemetry-sdk\1.28.0\opentelemetry-sdk-1.28.0.jar;C:\Users\sudha\.m2\repository\io\opentelemetry\opentelemetry-semconv\1.28.0-alpha\opentelemetry-semconv-1.28.0-alpha.jar;C:\Users\sudha\.m2\repository\net\bytebuddy\byte-buddy\1.14.5\byte-buddy-1.14.5.jar;C:\Users\sudha\.m2\repository\org\seleniumhq\selenium\selenium-http\4.15.0\selenium-http-4.15.0.jar;C:\Users\sudha\.m2\repository\dev\failsafe\failsafe\3.3.2\failsafe-3.3.2.jar;C:\Users\sudha\.m2\repository\org\seleniumhq\selenium\selenium-os\4.15.0\selenium-os-4.15.0.jar;C:\Users\sudha\.m2\repository\org\apache\commons\commons-exec\1.3\commons-exec-1.3.jar;C:\Users\sudha\.m2\repository\org\seleniumhq\selenium\selenium-support\4.15.0\selenium-support-4.15.0.jar;C:\Users\sudha\.m2\repository\com\google\code\gson\gson\2.10.1\gson-2.10.1.jar;C:\Users\sudha\.m2\repository\org\slf4j\slf4j-api\2.0.9\slf4j-api-2.0.9.jar;C:\Users\sudha\.m2\repository\org\testng\testng\7.8.0\testng-7.8.0.jar;C:\Users\sudha\.m2\repository\com\beust\jcommander\1.82\jcommander-1.82.jar;C:\Users\sudha\.m2\repository\org\webjars\jquery\3.6.1\jquery-3.6.1.jar;C:\Users\sudha\.m2\repository\io\cucumber\cucumber-java\7.14.0\cucumber-java-7.14.0.jar;C:\Users\sudha\.m2\repository\org\apiguardian\apiguardian-api\1.1.2\apiguardian-api-1.1.2.jar;C:\Users\sudha\.m2\repository\io\cucumber\cucumber-core\7.14.0\cucumber-core-7.14.0.jar;C:\Users\sudha\.m2\repository\io\cucumber\cucumber-gherkin\7.14.0\cucumber-gherkin-7.14.0.jar;C:\Users\sudha\.m2\repository\io\cucumber\cucumber-gherkin-messages\7.14.0\cucumber-gherkin-messages-7.14.0.jar;C:\Users\sudha\.m2\repository\io\cucumber\gherkin\26.2.0\gherkin-26.2.0.jar;C:\Users\sudha\.m2\repository\io\cucumber\messages\22.0.0\messages-22.0.0.jar;C:\Users\sudha\.m2\repository\io\cucumber\tag-expressions\5.0.6\tag-expressions-5.0.6.jar;C:\Users\sudha\.m2\repository\io\cucumber\cucumber-expressions\16.1.2\cucumber-expressions-16.1.2.jar;C:\Users\sudha\.m2\repository\io\cucumber\datatable\7.14.0\datatable-7.14.0.jar;C:\Users\sudha\.m2\repository\io\cucumber\cucumber-plugin\7.14.0\cucumber-plugin-7.14.0.jar;C:\Users\sudha\.m2\repository\io\cucumber\docstring\7.14.0\docstring-7.14.0.jar;C:\Users\sudha\.m2\repository\io\cucumber\html-formatter\20.4.0\html-formatter-20.4.0.jar;C:\Users\sudha\.m2\repository\io\cucumber\junit-xml-formatter\0.2.0\junit-xml-formatter-0.2.0.jar;C:\Users\sudha\.m2\repository\io\cucumber\ci-environment\9.2.0\ci-environment-9.2.0.jar;C:\Users\sudha\.m2\repository\io\cucumber\cucumber-junit\7.14.0\cucumber-junit-7.14.0.jar;C:\Users\sudha\.m2\repository\junit\junit\4.13.2\junit-4.13.2.jar;C:\Users\sudha\.m2\repository\org\hamcrest\hamcrest-core\1.3\hamcrest-core-1.3.jar;C:\Users\sudha\.m2\repository\org\seleniumhq\selenium\selenium-java\4.15.0\selenium-java-4.15.0.jar;C:\Users\sudha\.m2\repository\org\seleniumhq\selenium\selenium-devtools-v117\4.15.0\selenium-devtools-v117-4.15.0.jar;C:\Users\sudha\.m2\repository\org\seleniumhq\selenium\selenium-devtools-v118\4.15.0\selenium-devtools-v118-4.15.0.jar;C:\Users\sudha\.m2\repository\org\seleniumhq\selenium\selenium-devtools-v119\4.15.0\selenium-devtools-v119-4.15.0.jar;C:\Users\sudha\.m2\repository\org\seleniumhq\selenium\selenium-devtools-v85\4.15.0\selenium-devtools-v85-4.15.0.jar;C:\Users\sudha\.m2\repository\org\seleniumhq\selenium\selenium-firefox-driver\4.15.0\selenium-firefox-driver-4.15.0.jar;C:\Users\sudha\.m2\repository\org\seleniumhq\selenium\selenium-ie-driver\4.15.0\selenium-ie-driver-4.15.0.jar;C:\Users\sudha\.m2\repository\org\seleniumhq\selenium\selenium-safari-driver\4.15.0\selenium-safari-driver-4.15.0.jar;C:\Users\sudha\.m2\repository\org\seleniumhq\selenium\selenium-chrome-driver\4.13.0\selenium-chrome-driver-4.13.0.jar;C:\Users\sudha\.m2\repository\com\google\auto\service\auto-service-annotations\1.1.1\auto-service-annotations-1.1.1.jar;C:\Users\sudha\.m2\repository\com\google\guava\guava\32.1.2-jre\guava-32.1.2-jre.jar;C:\Users\sudha\.m2\repository\com\google\guava\failureaccess\1.0.1\failureaccess-1.0.1.jar;C:\Users\sudha\.m2\repository\com\google\guava\listenablefuture\9999.0-empty-to-avoid-conflict-with-guava\listenablefuture-9999.0-empty-to-avoid-conflict-with-guava.jar;C:\Users\sudha\.m2\repository\com\google\code\findbugs\jsr305\3.0.2\jsr305-3.0.2.jar;C:\Users\sudha\.m2\repository\org\checkerframework\checker-qual\3.33.0\checker-qual-3.33.0.jar;C:\Users\sudha\.m2\repository\com\google\errorprone\error_prone_annotations\2.18.0\error_prone_annotations-2.18.0.jar;C:\Users\sudha\.m2\repository\com\google\j2objc\j2objc-annotations\2.8\j2objc-annotations-2.8.jar;C:\Users\sudha\.m2\repository\org\seleniumhq\selenium\selenium-chromium-driver\4.13.0\selenium-chromium-driver-4.13.0.jar;C:\Users\sudha\.m2\repository\org\seleniumhq\selenium\selenium-json\4.13.0\selenium-json-4.13.0.jar;C:\Users\sudha\.m2\repository\org\seleniumhq\selenium\selenium-manager\4.13.0\selenium-manager-4.13.0.jar;C:\Users\sudha\.m2\repository\org\seleniumhq\selenium\selenium-edge-driver\4.13.0\selenium-edge-driver-4.13.0.jar;C:\Users\sudha\.m2\repository\org\apache\poi\poi\5.2.3\poi-5.2.3.jar;C:\Users\sudha\.m2\repository\commons-codec\commons-codec\1.15\commons-codec-1.15.jar;C:\Users\sudha\.m2\repository\org\apache\commons\commons-collections4\4.4\commons-collections4-4.4.jar;C:\Users\sudha\.m2\repository\org\apache\commons\commons-math3\3.6.1\commons-math3-3.6.1.jar;C:\Users\sudha\.m2\repository\com\zaxxer\SparseBitSet\1.2\SparseBitSet-1.2.jar;C:\Users\sudha\.m2\repository\org\apache\poi\poi-ooxml\5.2.3\poi-ooxml-5.2.3.jar;C:\Users\sudha\.m2\repository\org\apache\poi\poi-ooxml-lite\5.2.3\poi-ooxml-lite-5.2.3.jar;C:\Users\sudha\.m2\repository\org\apache\xmlbeans\xmlbeans\5.1.1\xmlbeans-5.1.1.jar;C:\Users\sudha\.m2\repository\org\apache\commons\commons-compress\1.21\commons-compress-1.21.jar;C:\Users\sudha\.m2\repository\com\github\virtuald\curvesapi\1.07\curvesapi-1.07.jar;C:\Users\sudha\.m2\repository\org\apache\logging\log4j\log4j-core\2.20.0\log4j-core-2.20.0.jar;C:\Users\sudha\.m2\repository\org\apache\logging\log4j\log4j-api\2.20.0\log4j-api-2.20.0.jar;C:\Users\sudha\.m2\repository\commons-io\commons-io\2.13.0\commons-io-2.13.0.jar;C:\Users\sudha\.m2\repository\org\apache\commons\commons-lang3\3.13.0\commons-lang3-3.13.0.jar;C:\Users\sudha\.m2\repository\com\aventstack\extentreports\5.0.9\extentreports-5.0.9.jar;C:\Users\sudha\.m2\repository\io\reactivex\rxjava3\rxjava\3.0.4\rxjava-3.0.4.jar;C:\Users\sudha\.m2\repository\org\reactivestreams\reactive-streams\1.0.3\reactive-streams-1.0.3.jar;C:\Users\sudha\.m2\repository\org\freemarker\freemarker\2.3.30\freemarker-2.3.30.jar;C:\Users\sudha\.m2\repository\org\projectlombok\lombok\1.18.12\lombok-1.18.12.jar;"/>
    <property name="java.vm.vendor" value="Oracle Corporation"/>
    <property name="sun.arch.data.model" value="64"/>
    <property name="user.variant" value=""/>
    <property name="log4j2.configurationFile" value="log4j2.xml"/>
    <property name="java.vendor.url" value="https://java.oracle.com/"/>
    <property name="user.timezone" value="Asia/Calcutta"/>
    <property name="os.name" value="Windows 10"/>
    <property name="java.vm.specification.version" value="14"/>
    <property name="sun.java.launcher" value="SUN_STANDARD"/>
    <property name="user.country" value="IN"/>
    <property name="sun.boot.library.path" value="C:\Program Files\Java\jdk-14\bin"/>
    <property name="sun.java.command" value="C:\Users\sudha\AppData\Local\Temp\surefire12845834630625079204\surefirebooter-20231122182116916_3.jar C:\Users\sudha\AppData\Local\Temp\surefire12845834630625079204 2023-11-22T18-21-16_583-jvmRun1 surefire-20231122182116916_1tmp surefire_0-20231122182116916_2tmp"/>
    <property name="jdk.debug" value="release"/>
    <property name="surefire.test.class.path" value="D:\Automation\SF_MB\target\test-classes;D:\Automation\SF_MB\target\classes;C:\Users\sudha\.m2\repository\io\appium\java-client\9.0.0\java-client-9.0.0.jar;C:\Users\sudha\.m2\repository\org\seleniumhq\selenium\selenium-api\4.15.0\selenium-api-4.15.0.jar;C:\Users\sudha\.m2\repository\org\seleniumhq\selenium\selenium-remote-driver\4.15.0\selenium-remote-driver-4.15.0.jar;C:\Users\sudha\.m2\repository\io\opentelemetry\opentelemetry-api\1.28.0\opentelemetry-api-1.28.0.jar;C:\Users\sudha\.m2\repository\io\opentelemetry\opentelemetry-context\1.28.0\opentelemetry-context-1.28.0.jar;C:\Users\sudha\.m2\repository\io\opentelemetry\opentelemetry-exporter-logging\1.28.0\opentelemetry-exporter-logging-1.28.0.jar;C:\Users\sudha\.m2\repository\io\opentelemetry\opentelemetry-sdk-metrics\1.28.0\opentelemetry-sdk-metrics-1.28.0.jar;C:\Users\sudha\.m2\repository\io\opentelemetry\opentelemetry-extension-incubator\1.28.0-alpha\opentelemetry-extension-incubator-1.28.0-alpha.jar;C:\Users\sudha\.m2\repository\io\opentelemetry\opentelemetry-sdk-logs\1.28.0\opentelemetry-sdk-logs-1.28.0.jar;C:\Users\sudha\.m2\repository\io\opentelemetry\opentelemetry-sdk-common\1.28.0\opentelemetry-sdk-common-1.28.0.jar;C:\Users\sudha\.m2\repository\io\opentelemetry\opentelemetry-sdk-extension-autoconfigure-spi\1.28.0\opentelemetry-sdk-extension-autoconfigure-spi-1.28.0.jar;C:\Users\sudha\.m2\repository\io\opentelemetry\opentelemetry-sdk-extension-autoconfigure\1.28.0\opentelemetry-sdk-extension-autoconfigure-1.28.0.jar;C:\Users\sudha\.m2\repository\io\opentelemetry\opentelemetry-api-events\1.28.0-alpha\opentelemetry-api-events-1.28.0-alpha.jar;C:\Users\sudha\.m2\repository\io\opentelemetry\opentelemetry-sdk-trace\1.28.0\opentelemetry-sdk-trace-1.28.0.jar;C:\Users\sudha\.m2\repository\io\opentelemetry\opentelemetry-sdk\1.28.0\opentelemetry-sdk-1.28.0.jar;C:\Users\sudha\.m2\repository\io\opentelemetry\opentelemetry-semconv\1.28.0-alpha\opentelemetry-semconv-1.28.0-alpha.jar;C:\Users\sudha\.m2\repository\net\bytebuddy\byte-buddy\1.14.5\byte-buddy-1.14.5.jar;C:\Users\sudha\.m2\repository\org\seleniumhq\selenium\selenium-http\4.15.0\selenium-http-4.15.0.jar;C:\Users\sudha\.m2\repository\dev\failsafe\failsafe\3.3.2\failsafe-3.3.2.jar;C:\Users\sudha\.m2\repository\org\seleniumhq\selenium\selenium-os\4.15.0\selenium-os-4.15.0.jar;C:\Users\sudha\.m2\repository\org\apache\commons\commons-exec\1.3\commons-exec-1.3.jar;C:\Users\sudha\.m2\repository\org\seleniumhq\selenium\selenium-support\4.15.0\selenium-support-4.15.0.jar;C:\Users\sudha\.m2\repository\com\google\code\gson\gson\2.10.1\gson-2.10.1.jar;C:\Users\sudha\.m2\repository\org\slf4j\slf4j-api\2.0.9\slf4j-api-2.0.9.jar;C:\Users\sudha\.m2\repository\org\testng\testng\7.8.0\testng-7.8.0.jar;C:\Users\sudha\.m2\repository\com\beust\jcommander\1.82\jcommander-1.82.jar;C:\Users\sudha\.m2\repository\org\webjars\jquery\3.6.1\jquery-3.6.1.jar;C:\Users\sudha\.m2\repository\io\cucumber\cucumber-java\7.14.0\cucumber-java-7.14.0.jar;C:\Users\sudha\.m2\repository\org\apiguardian\apiguardian-api\1.1.2\apiguardian-api-1.1.2.jar;C:\Users\sudha\.m2\repository\io\cucumber\cucumber-core\7.14.0\cucumber-core-7.14.0.jar;C:\Users\sudha\.m2\repository\io\cucumber\cucumber-gherkin\7.14.0\cucumber-gherkin-7.14.0.jar;C:\Users\sudha\.m2\repository\io\cucumber\cucumber-gherkin-messages\7.14.0\cucumber-gherkin-messages-7.14.0.jar;C:\Users\sudha\.m2\repository\io\cucumber\gherkin\26.2.0\gherkin-26.2.0.jar;C:\Users\sudha\.m2\repository\io\cucumber\messages\22.0.0\messages-22.0.0.jar;C:\Users\sudha\.m2\repository\io\cucumber\tag-expressions\5.0.6\tag-expressions-5.0.6.jar;C:\Users\sudha\.m2\repository\io\cucumber\cucumber-expressions\16.1.2\cucumber-expressions-16.1.2.jar;C:\Users\sudha\.m2\repository\io\cucumber\datatable\7.14.0\datatable-7.14.0.jar;C:\Users\sudha\.m2\repository\io\cucumber\cucumber-plugin\7.14.0\cucumber-plugin-7.14.0.jar;C:\Users\sudha\.m2\repository\io\cucumber\docstring\7.14.0\docstring-7.14.0.jar;C:\Users\sudha\.m2\repository\io\cucumber\html-formatter\20.4.0\html-formatter-20.4.0.jar;C:\Users\sudha\.m2\repository\io\cucumber\junit-xml-formatter\0.2.0\junit-xml-formatter-0.2.0.jar;C:\Users\sudha\.m2\repository\io\cucumber\ci-environment\9.2.0\ci-environment-9.2.0.jar;C:\Users\sudha\.m2\repository\io\cucumber\cucumber-junit\7.14.0\cucumber-junit-7.14.0.jar;C:\Users\sudha\.m2\repository\junit\junit\4.13.2\junit-4.13.2.jar;C:\Users\sudha\.m2\repository\org\hamcrest\hamcrest-core\1.3\hamcrest-core-1.3.jar;C:\Users\sudha\.m2\repository\org\seleniumhq\selenium\selenium-java\4.15.0\selenium-java-4.15.0.jar;C:\Users\sudha\.m2\repository\org\seleniumhq\selenium\selenium-devtools-v117\4.15.0\selenium-devtools-v117-4.15.0.jar;C:\Users\sudha\.m2\repository\org\seleniumhq\selenium\selenium-devtools-v118\4.15.0\selenium-devtools-v118-4.15.0.jar;C:\Users\sudha\.m2\repository\org\seleniumhq\selenium\selenium-devtools-v119\4.15.0\selenium-devtools-v119-4.15.0.jar;C:\Users\sudha\.m2\repository\org\seleniumhq\selenium\selenium-devtools-v85\4.15.0\selenium-devtools-v85-4.15.0.jar;C:\Users\sudha\.m2\repository\org\seleniumhq\selenium\selenium-firefox-driver\4.15.0\selenium-firefox-driver-4.15.0.jar;C:\Users\sudha\.m2\repository\org\seleniumhq\selenium\selenium-ie-driver\4.15.0\selenium-ie-driver-4.15.0.jar;C:\Users\sudha\.m2\repository\org\seleniumhq\selenium\selenium-safari-driver\4.15.0\selenium-safari-driver-4.15.0.jar;C:\Users\sudha\.m2\repository\org\seleniumhq\selenium\selenium-chrome-driver\4.13.0\selenium-chrome-driver-4.13.0.jar;C:\Users\sudha\.m2\repository\com\google\auto\service\auto-service-annotations\1.1.1\auto-service-annotations-1.1.1.jar;C:\Users\sudha\.m2\repository\com\google\guava\guava\32.1.2-jre\guava-32.1.2-jre.jar;C:\Users\sudha\.m2\repository\com\google\guava\failureaccess\1.0.1\failureaccess-1.0.1.jar;C:\Users\sudha\.m2\repository\com\google\guava\listenablefuture\9999.0-empty-to-avoid-conflict-with-guava\listenablefuture-9999.0-empty-to-avoid-conflict-with-guava.jar;C:\Users\sudha\.m2\repository\com\google\code\findbugs\jsr305\3.0.2\jsr305-3.0.2.jar;C:\Users\sudha\.m2\repository\org\checkerframework\checker-qual\3.33.0\checker-qual-3.33.0.jar;C:\Users\sudha\.m2\repository\com\google\errorprone\error_prone_annotations\2.18.0\error_prone_annotations-2.18.0.jar;C:\Users\sudha\.m2\repository\com\google\j2objc\j2objc-annotations\2.8\j2objc-annotations-2.8.jar;C:\Users\sudha\.m2\repository\org\seleniumhq\selenium\selenium-chromium-driver\4.13.0\selenium-chromium-driver-4.13.0.jar;C:\Users\sudha\.m2\repository\org\seleniumhq\selenium\selenium-json\4.13.0\selenium-json-4.13.0.jar;C:\Users\sudha\.m2\repository\org\seleniumhq\selenium\selenium-manager\4.13.0\selenium-manager-4.13.0.jar;C:\Users\sudha\.m2\repository\org\seleniumhq\selenium\selenium-edge-driver\4.13.0\selenium-edge-driver-4.13.0.jar;C:\Users\sudha\.m2\repository\org\apache\poi\poi\5.2.3\poi-5.2.3.jar;C:\Users\sudha\.m2\repository\commons-codec\commons-codec\1.15\commons-codec-1.15.jar;C:\Users\sudha\.m2\repository\org\apache\commons\commons-collections4\4.4\commons-collections4-4.4.jar;C:\Users\sudha\.m2\repository\org\apache\commons\commons-math3\3.6.1\commons-math3-3.6.1.jar;C:\Users\sudha\.m2\repository\com\zaxxer\SparseBitSet\1.2\SparseBitSet-1.2.jar;C:\Users\sudha\.m2\repository\org\apache\poi\poi-ooxml\5.2.3\poi-ooxml-5.2.3.jar;C:\Users\sudha\.m2\repository\org\apache\poi\poi-ooxml-lite\5.2.3\poi-ooxml-lite-5.2.3.jar;C:\Users\sudha\.m2\repository\org\apache\xmlbeans\xmlbeans\5.1.1\xmlbeans-5.1.1.jar;C:\Users\sudha\.m2\repository\org\apache\commons\commons-compress\1.21\commons-compress-1.21.jar;C:\Users\sudha\.m2\repository\com\github\virtuald\curvesapi\1.07\curvesapi-1.07.jar;C:\Users\sudha\.m2\repository\org\apache\logging\log4j\log4j-core\2.20.0\log4j-core-2.20.0.jar;C:\Users\sudha\.m2\repository\org\apache\logging\log4j\log4j-api\2.20.0\log4j-api-2.20.0.jar;C:\Users\sudha\.m2\repository\commons-io\commons-io\2.13.0\commons-io-2.13.0.jar;C:\Users\sudha\.m2\repository\org\apache\commons\commons-lang3\3.13.0\commons-lang3-3.13.0.jar;C:\Users\sudha\.m2\repository\com\aventstack\extentreports\5.0.9\extentreports-5.0.9.jar;C:\Users\sudha\.m2\repository\io\reactivex\rxjava3\rxjava\3.0.4\rxjava-3.0.4.jar;C:\Users\sudha\.m2\repository\org\reactivestreams\reactive-streams\1.0.3\reactive-streams-1.0.3.jar;C:\Users\sudha\.m2\repository\org\freemarker\freemarker\2.3.30\freemarker-2.3.30.jar;C:\Users\sudha\.m2\repository\org\projectlombok\lombok\1.18.12\lombok-1.18.12.jar;"/>
    <property name="sun.cpu.endian" value="little"/>
    <property name="user.home" value="C:\Users\sudha"/>
    <property name="user.language" value="en"/>
    <property name="java.specification.vendor" value="Oracle Corporation"/>
    <property name="java.version.date" value="2020-03-17"/>
    <property name="java.home" value="C:\Program Files\Java\jdk-14"/>
    <property name="file.separator" value="\"/>
    <property name="basedir" value="D:\Automation\SF_MB"/>
    <property name="java.vm.compressedOopsMode" value="Zero based"/>
    <property name="line.separator" value="&#10;"/>
    <property name="java.vm.specification.vendor" value="Oracle Corporation"/>
    <property name="java.specification.name" value="Java Platform API Specification"/>
    <property name="surefire.real.class.path" value="C:\Users\sudha\AppData\Local\Temp\surefire12845834630625079204\surefirebooter-20231122182116916_3.jar"/>
    <property name="user.script" value=""/>
    <property name="sun.management.compiler" value="HotSpot 64-Bit Tiered Compilers"/>
    <property name="java.runtime.version" value="14+36-1461"/>
    <property name="user.name" value="sudha"/>
    <property name="path.separator" value=";"/>
    <property name="os.version" value="10.0"/>
    <property name="java.runtime.name" value="Java(TM) SE Runtime Environment"/>
    <property name="file.encoding" value="Cp1252"/>
    <property name="java.vm.name" value="Java HotSpot(TM) 64-Bit Server VM"/>
    <property name="localRepository" value="C:\Users\sudha\.m2\repository"/>
    <property name="java.vendor.url.bug" value="https://bugreport.java.com/bugreport/"/>
    <property name="java.io.tmpdir" value="C:\Users\sudha\AppData\Local\Temp\"/>
    <property name="java.version" value="14"/>
    <property name="user.dir" value="D:\Automation\SF_MB"/>
    <property name="os.arch" value="amd64"/>
    <property name="java.vm.specification.name" value="Java Virtual Machine Specification"/>
    <property name="sun.os.patch.level" value=""/>
    <property name="java.library.path" value="C:\Program Files\Java\jdk-14\bin;C:\Windows\Sun\Java\bin;C:\Windows\system32;C:\Windows;D:\apache-maven-3.9.4/bin;C:\Program Files\Java\jdk-14/bin;C:\Program Files\Java\jdk-14/bin;C:\Windows\system32;C:\Windows;C:\Windows\System32\Wbem;C:\Windows\System32\WindowsPowerShell\v1.0\;C:\Windows\System32\OpenSSH\;%MAVEN_HOME%\bin;C:\Program Files\Java\jdk-14\bin;C:\Program Files\Git\cmd;C:\Program Files\dotnet\;C:\Program Files\Java\jdk-14\bin;C:\Program Files\Java\jdk-14\lib;D:\apache-maven-3.9.4\bin;%MAVEN_HOME%;C:\Program Files\Android\Android Studio\bin;C:\Users\sudha\AppData\Local\Android\Sdk\build-tools;C:\ProgramData\chocolatey\bin;C:\Users\sudha\AppData\Local\Android\Sdk\emulator;C:\Users\sudha\AppData\Local\Android\Sdk\tools\bin;C:\Users\sudha\AppData\Local\Android\Sdk\platform-tools;C:\Program Files\nodejs\node_modules\npm\bin;C:\Program Files\Nodejs;C:\Users\sudha\AppData\Roaming\npm;C:\Program Files\nodejs\;C:\Users\sudha\AppData\Local\Microsoft\WindowsApps;C:\Users\sudha\AppData\Local\Programs\Microsoft VS Code\bin;C:\Users\sudha\AppData\Local\Android\Sdk;C:\Users\sudha\AppData\Roaming\npm;."/>
    <property name="java.vm.info" value="mixed mode, sharing"/>
    <property name="java.vendor" value="Oracle Corporation"/>
    <property name="java.vm.version" value="14+36-1461"/>
    <property name="sun.io.unicode.encoding" value="UnicodeLittle"/>
    <property name="java.class.version" value="58.0"/>
  </properties>
  <testcase name="configureAppium" classname="testCases.TC_002_SFS_All_Mobile" time="4.035">
    <failure message="Could not start a new session. Response code 500. Message: An unknown server-side error occurred while processing the command. Original error: Unable to find an active device or emulator with OS 13.0. The following are available: emulator-5554 (11) &#10;Host info: host: &apos;DESKTOP-H290O4K&apos;, ip: &apos;192.168.31.145&apos;&#10;Build info: version: &apos;4.15.0&apos;, revision: &apos;1d14b5521b&apos;&#10;System info: os.name: &apos;Windows 10&apos;, os.arch: &apos;amd64&apos;, os.version: &apos;10.0&apos;, java.version: &apos;14&apos;&#10;Driver info: io.appium.java_client.android.AndroidDriver&#10;Command: [null, newSession {capabilities=[{appium:noReset=true, appium:autoGrantPermissions=true, browserName=Chrome, appium:deviceName=R9ZR908HTNR, platformName=ANDROID, appium:automationName=UIAutomator2, appium:platformVersion=13.0}], desiredCapabilities=Capabilities {appium:autoGrantPermissions: true, appium:automationName: UIAutomator2, appium:deviceName: R9ZR908HTNR, appium:noReset: true, appium:platformVersion: 13.0, browserName: Chrome, platformName: ANDROID}}]&#10;Capabilities {appium:autoGrantPermissions: true, appium:automationName: UIAutomator2, appium:deviceName: R9ZR908HTNR, appium:noReset: true, appium:platformVersion: 13.0, browserName: Chrome, platformName: ANDROID}" type="org.openqa.selenium.SessionNotCreatedException"><![CDATA[org.openqa.selenium.SessionNotCreatedException: 
Could not start a new session. Response code 500. Message: An unknown server-side error occurred while processing the command. Original error: Unable to find an active device or emulator with OS 13.0. The following are available: emulator-5554 (11) 
Host info: host: 'DESKTOP-H290O4K', ip: '192.168.31.145'
Build info: version: '4.15.0', revision: '1d14b5521b'
System info: os.name: 'Windows 10', os.arch: 'amd64', os.version: '10.0', java.version: '14'
Driver info: io.appium.java_client.android.AndroidDriver
Command: [null, newSession {capabilities=[{appium:noReset=true, appium:autoGrantPermissions=true, browserName=Chrome, appium:deviceName=R9ZR908HTNR, platformName=ANDROID, appium:automationName=UIAutomator2, appium:platformVersion=13.0}], desiredCapabilities=Capabilities {appium:autoGrantPermissions: true, appium:automationName: UIAutomator2, appium:deviceName: R9ZR908HTNR, appium:noReset: true, appium:platformVersion: 13.0, browserName: Chrome, platformName: ANDROID}}]
Capabilities {appium:autoGrantPermissions: true, appium:automationName: UIAutomator2, appium:deviceName: R9ZR908HTNR, appium:noReset: true, appium:platformVersion: 13.0, browserName: Chrome, platformName: ANDROID}
	at org.openqa.selenium.remote.ProtocolHandshake.createSession(ProtocolHandshake.java:140)
	at java.base/jdk.internal.reflect.NativeMethodAccessorImpl.invoke0(Native Method)
	at java.base/jdk.internal.reflect.NativeMethodAccessorImpl.invoke(NativeMethodAccessorImpl.java:62)
	at java.base/jdk.internal.reflect.DelegatingMethodAccessorImpl.invoke(DelegatingMethodAccessorImpl.java:43)
	at java.base/java.lang.reflect.Method.invoke(Method.java:564)
	at io.appium.java_client.remote.AppiumProtocolHandshake.createSession(AppiumProtocolHandshake.java:133)
	at io.appium.java_client.remote.AppiumProtocolHandshake.createSession(AppiumProtocolHandshake.java:102)
	at io.appium.java_client.remote.AppiumCommandExecutor.createSession(AppiumCommandExecutor.java:177)
	at io.appium.java_client.remote.AppiumCommandExecutor.execute(AppiumCommandExecutor.java:238)
	at org.openqa.selenium.remote.RemoteWebDriver.execute(RemoteWebDriver.java:607)
	at io.appium.java_client.AppiumDriver.startSession(AppiumDriver.java:268)
	at org.openqa.selenium.remote.RemoteWebDriver.<init>(RemoteWebDriver.java:168)
	at io.appium.java_client.AppiumDriver.<init>(AppiumDriver.java:90)
	at io.appium.java_client.AppiumDriver.<init>(AppiumDriver.java:102)
	at io.appium.java_client.android.AndroidDriver.<init>(AndroidDriver.java:109)
	at testBase.Android.BaseTest.configureAppium(BaseTest.java:100)
	at java.base/jdk.internal.reflect.NativeMethodAccessorImpl.invoke0(Native Method)
	at java.base/jdk.internal.reflect.NativeMethodAccessorImpl.invoke(NativeMethodAccessorImpl.java:62)
	at java.base/jdk.internal.reflect.DelegatingMethodAccessorImpl.invoke(DelegatingMethodAccessorImpl.java:43)
	at java.base/java.lang.reflect.Method.invoke(Method.java:564)
	at org.testng.internal.invokers.MethodInvocationHelper.invokeMethod(MethodInvocationHelper.java:139)
	at org.testng.internal.invokers.MethodInvocationHelper.invokeMethodConsideringTimeout(MethodInvocationHelper.java:69)
	at org.testng.internal.invokers.ConfigInvoker.invokeConfigurationMethod(ConfigInvoker.java:390)
	at org.testng.internal.invokers.ConfigInvoker.invokeConfigurations(ConfigInvoker.java:325)
	at org.testng.internal.invokers.TestMethodWorker.invokeBeforeClassMethods(TestMethodWorker.java:180)
	at org.testng.internal.invokers.TestMethodWorker.run(TestMethodWorker.java:122)
	at java.base/java.util.ArrayList.forEach(ArrayList.java:1510)
	at org.testng.TestRunner.privateRun(TestRunner.java:848)
	at org.testng.TestRunner.run(TestRunner.java:621)
	at org.testng.SuiteRunner.runTest(SuiteRunner.java:443)
	at org.testng.SuiteRunner.runSequentially(SuiteRunner.java:437)
	at org.testng.SuiteRunner.privateRun(SuiteRunner.java:397)
	at org.testng.SuiteRunner.run(SuiteRunner.java:336)
	at org.testng.SuiteRunnerWorker.runSuite(SuiteRunnerWorker.java:52)
	at org.testng.SuiteRunnerWorker.run(SuiteRunnerWorker.java:95)
	at org.testng.TestNG.runSuitesSequentially(TestNG.java:1280)
	at org.testng.TestNG.runSuitesLocally(TestNG.java:1200)
	at org.testng.TestNG.runSuites(TestNG.java:1114)
	at org.testng.TestNG.run(TestNG.java:1082)
	at org.apache.maven.surefire.testng.TestNGExecutor.run(TestNGExecutor.java:308)
	at org.apache.maven.surefire.testng.TestNGXmlTestSuite.execute(TestNGXmlTestSuite.java:71)
	at org.apache.maven.surefire.testng.TestNGProvider.invoke(TestNGProvider.java:113)
	at org.apache.maven.surefire.booter.ForkedBooter.runSuitesInProcess(ForkedBooter.java:385)
	at org.apache.maven.surefire.booter.ForkedBooter.execute(ForkedBooter.java:162)
	at org.apache.maven.surefire.booter.ForkedBooter.run(ForkedBooter.java:507)
	at org.apache.maven.surefire.booter.ForkedBooter.main(ForkedBooter.java:495)
]]></failure>
    <system-out><![CDATA[Before Service Start
After Service Start
]]></system-out>
    <system-err><![CDATA[SLF4J: No SLF4J providers were found.
SLF4J: Defaulting to no-operation (NOP) logger implementation
SLF4J: See https://www.slf4j.org/codes.html#noProviders for further details.
]]></system-err>
  </testcase>
  <testcase name="testSectionContrls" classname="testCases.TC_002_SFS_All_Mobile" time="0.0">
    <skipped message="Could not start a new session. Response code 500. Message: An unknown server-side error occurred while processing the command. Original error: Unable to find an active device or emulator with OS 13.0. The following are available: emulator-5554 (11) &#10;Host info: host: &apos;DESKTOP-H290O4K&apos;, ip: &apos;192.168.31.145&apos;&#10;Build info: version: &apos;4.15.0&apos;, revision: &apos;1d14b5521b&apos;&#10;System info: os.name: &apos;Windows 10&apos;, os.arch: &apos;amd64&apos;, os.version: &apos;10.0&apos;, java.version: &apos;14&apos;&#10;Driver info: io.appium.java_client.android.AndroidDriver&#10;Command: [null, newSession {capabilities=[{appium:noReset=true, appium:autoGrantPermissions=true, browserName=Chrome, appium:deviceName=R9ZR908HTNR, platformName=ANDROID, appium:automationName=UIAutomator2, appium:platformVersion=13.0}], desiredCapabilities=Capabilities {appium:autoGrantPermissions: true, appium:automationName: UIAutomator2, appium:deviceName: R9ZR908HTNR, appium:noReset: true, appium:platformVersion: 13.0, browserName: Chrome, platformName: ANDROID}}]&#10;Capabilities {appium:autoGrantPermissions: true, appium:automationName: UIAutomator2, appium:deviceName: R9ZR908HTNR, appium:noReset: true, appium:platformVersion: 13.0, browserName: Chrome, platformName: ANDROID}"/>
  </testcase>
  <testcase name="testMobileSectionContrls" classname="testCases.TC_002_SFS_All_MobileResponse" time="128.829">
    <system-out><![CDATA[&amp#27;[35m[Appium]&amp#27;[39m &amp#27;[31mCommand 'npm.cmd --version' exited with code 1&amp#27;[39m
Chrome driver after instanttiated
Test Execution on Browser: chrome
Total rows: 1
Cols: 50
Inside ValidateAllResp function
Inside If true
Actual value is: Hi, Welcome to chat bot..!
Expected value is: Hi, Welcome to Survey form...!
false
Inside ValidateAllResp function
Inside If true
Actual value is: Select an option..!
Expected value is: Select an option..!
false
Inside ValidateAllResp function
Inside If false
Actual value is: Strongly DisAgree
Expected value is: Strongly DisAgree
false
Inside ValidateAllResp function
Inside If true
Actual value is: Please type an answer ..!
Expected value is: Please type an answer ..!
false
Inside ValidateAllResp function
Inside If false
Actual value is: Welcome to Automation...! Test execution of Survey form Controls within Section UI.
Expected value is: Welcome to Automation...! Test execution of Survey form Controls within Section UI.
false
Inside ValidateAllResp function
Inside If true
Actual value is: What is your email address?
Expected value is: What is your email address?
false
Inside ValidateAllResp function
Inside If false
Actual value is: sudhakar@rsoft.in
Expected value is: sudhakar@rsoft.in
false
Inside ValidateAllResp function
Inside If true
Actual value is: Please type your phone number
Expected value is: Please type your phone number
false
Inside ValidateAllResp function
Inside If false
Actual value is: +91 1234567890
Expected value is: +91 1234567890
false
Inside ValidateAllResp function
Inside If true
Actual value is: Book an appointment / meeting
Expected value is: Book an appointment / meeting
false
Inside ValidateAllResp function
Inside If false
Actual value is: Appointment Date : 22/11/2023, Time : [ 09:20 AM to 09:24 AM ]
Expected value is: Appointment Date : 22/11/2023, Time : [ 09:20 AM to 09:24 AM ]
false
Inside ValidateAllResp function
Inside If true
Actual value is: Select your choices..!
Expected value is: Select your choices..!
false
Inside ValidateAllResp function
Inside If false
Actual value is: DisAgree, Agree
Expected value is: DisAgree, Agree
false
Inside ValidateAllResp function
Inside If true
Actual value is: Type and select your answer..!
Expected value is: Type and select your answer..!
false
Inside ValidateAllResp function
Inside If false
Actual value is: Sample Option 5
Expected value is: Sample Option 5
false
Inside ValidateAllResp function
Inside If true
Actual value is: Enter the Number?
Expected value is: Enter the Number?
false
Inside ValidateAllResp function
Inside If false
Actual value is: 1234567890
Expected value is: 1234567890
false
Inside ValidateAllResp function
Inside If true
Actual value is: Select a range
Expected value is: Select a range
false
Inside ValidateAllResp function
Inside If false
Actual value is: 30
Expected value is: 30
false
Inside ValidateAllResp function
Inside If true
Actual value is: How was your experience?
Expected value is: How was your experience?
false
Inside ValidateAllResp function
Inside If false
Actual value is: Okay
Expected value is: Okay
false
Inside ValidateAllResp function
Inside If true
Actual value is: Choose a number?
Expected value is: Choose a number?
false
Inside ValidateAllResp function
Inside If false
Actual value is: 7
Expected value is: 7
false
Inside ValidateAllResp function
Inside If true
Actual value is: Select a date
Expected value is: Select a date
false
Inside ValidateAllResp function
Inside If false
Actual value is: 22/11/2023
Expected value is: 22/11/2023
false
Inside ValidateAllResp function
Inside If true
Actual value is: Please contact us
Expected value is: Please contact us
false
Inside ValidateAllResp function
Inside If true
Actual value is: Nice chatting with you
Expected value is: Nice chatting with you
false
Inside ValidateAllResp function
Inside If true
Actual value is: Select the picture…!
Expected value is: Select the picture…!
false
Inside ValidateAllResp function
Inside If false
Actual value is: SelectPicture
Expected value is: SelectPicture
false
Inside ValidateAllResp function
Inside If true
Actual value is: Select Yes or No..?
Expected value is: Select Yes or No..?
false
Inside ValidateAllResp function
Inside If false
Actual value is: No
Expected value is: No
false
Inside ValidateAllResp function
Inside If true
Actual value is: Terms and Conditions..!
Expected value is: Terms and Conditions..!
false
Inside ValidateAllResp function
Inside If false
Actual value is: Accepted
Expected value is: Accepted
false
Inside ValidateAllResp function
Inside If true
Actual value is: Choose the value..!
Expected value is: Choose the value..!
false
Inside getRespRMValuesclass pageObjects.Browser.IndvControls
Inside getRespankMatrixValues
List outside of frame:0
List Inside of frame:9



Actual Response Values: 147
]]></system-out>
    <system-err><![CDATA[107386447
Before node Fail
After node Fail
138264611
Before node Pass
303772422
Before node Pass
781150990
Before node Pass
524499315
Before node Pass
543075487
Before node Pass
530449764
Before node Pass
547244055
Before node Pass
529725748
Before node Pass
636099646
Before node Pass
822158011
Before node Pass
32019404
Before node Pass
348363151
Before node Pass
551320968
Before node Pass
617330455
Before node Pass
384816329
Before node Pass
42255754
Before node Pass
790951923
Before node Pass
828136776
Before node Pass
417587504
Before node Pass
441445813
Before node Pass
794541365
Before node Pass
381005625
Before node Pass
16574377
Before node Pass
28077788
Before node Pass
362475060
Before node Pass
114760853
Before node Pass
593875321
Before node Pass
634277469
Before node Pass
322471248
Before node Pass
759860415
Before node Pass
578103907
Before node Pass
715044057
Before node Pass
705895324
Before node Pass
285606572
Before node Pass
]]></system-err>
  </testcase>
</testsuite>